2016-10-09 21:42:08,064 [Worker-1] INFO  c.g.t.t.d.PublishedGradleVersions - Gradle version information cache is up-to-date. Trying to read.
2016-10-09 21:42:53,459 [Worker-13] INFO  o.e.m.c.i.p.ProjectConfigurationManager - Collecting project info '/pom.xml' H:\Users\Parvati\Documents\WebApp2016\ScheduleMe\pom.xml
2016-10-09 21:42:54,766 [Worker-13] INFO  o.e.m.c.i.l.LifecycleMappingFactory - Using org.eclipse.m2e.jdt.JarLifecycleMapping lifecycle mapping for MavenProject: com.example:ScheduleMe:1.0-SNAPSHOT @ H:\Users\Parvati\Documents\WebApp2016\ScheduleMe\pom.xml.
2016-10-09 21:42:56,797 [Worker-13] INFO  o.e.m.j.i.AbstractJavaProjectConfigurator - Adding source folder /ScheduleMe/src/main/java
2016-10-09 21:42:56,798 [Worker-13] INFO  o.e.m.j.i.AbstractJavaProjectConfigurator - Adding resource folder /ScheduleMe/src/main/resources
2016-10-09 21:42:56,802 [Worker-13] INFO  o.e.m.j.i.AbstractJavaProjectConfigurator - Adding source folder /ScheduleMe/src/test/java
2016-10-09 21:42:56,948 [Worker-13] INFO  o.e.m.c.i.p.ProjectConfigurationManager - Imported and configured 1 project(s) in 3 sec
2016-10-09 21:42:57,974 [Worker-8] INFO  o.e.m.c.i.embedder.EclipseLogger - Updating theme VAADIN\themes\mytheme
2016-10-09 21:42:58,151 [Thread-6] INFO  o.e.m.c.i.embedder.EclipseLogger - Widgetsets found from classpath:
2016-10-09 21:42:58,151 [Thread-6] INFO  o.e.m.c.i.embedder.EclipseLogger - Addon styles found from classpath:
2016-10-09 21:42:58,151 [Thread-6] INFO  o.e.m.c.i.embedder.EclipseLogger - 
2016-10-09 21:42:58,151 [Thread-6] INFO  o.e.m.c.i.embedder.EclipseLogger - Search took 8ms
2016-10-09 21:42:58,163 [Worker-8] INFO  o.e.m.c.i.embedder.EclipseLogger - Theme "VAADIN\themes\mytheme" updated
2016-10-09 21:42:58,180 [Worker-8] WARN  o.e.m.c.i.embedder.EclipseLogger - GWT plugin is configured to detect modules, but none were found.
2016-10-09 21:42:58,182 [Worker-8] INFO  o.e.m.c.i.embedder.EclipseLogger - No widgetsets found - generating AppWidgetset if necessary.
2016-10-09 21:42:58,183 [Worker-8] INFO  o.e.m.c.i.embedder.EclipseLogger - Updating widgetset AppWidgetset
2016-10-09 21:42:58,183 [Worker-8] INFO  o.e.m.c.i.embedder.EclipseLogger - Adding resource directory to command classpath: H:\Users\Parvati\Documents\WebApp2016\ScheduleMe\src\main\resources
2016-10-09 21:42:58,183 [Worker-8] INFO  o.e.m.c.i.embedder.EclipseLogger - Adding resource directory to command classpath: H:\Users\Parvati\Documents\WebApp2016\ScheduleMe\target\generated-resources\gwt
2016-10-09 21:42:58,185 [Worker-8] INFO  o.e.m.c.i.embedder.EclipseLogger - Using com.vaadin:vaadin-client version 7.7.3
2016-10-09 21:42:58,291 [Worker-8] INFO  o.e.m.c.i.embedder.EclipseLogger - Using com.vaadin:vaadin-client-compiler version 7.7.3
2016-10-09 21:42:58,578 [Thread-8] INFO  o.e.m.c.i.embedder.EclipseLogger - Widgetsets found from classpath:
2016-10-09 21:42:58,578 [Thread-8] INFO  o.e.m.c.i.embedder.EclipseLogger - 	com.vaadin.DefaultWidgetSet in jar:file:H:/Users/Parvati/.m2/repository/com/vaadin/vaadin-client/7.7.3/vaadin-client-7.7.3.jar!/
2016-10-09 21:42:58,578 [Thread-8] INFO  o.e.m.c.i.embedder.EclipseLogger - Addon styles found from classpath:
2016-10-09 21:42:58,578 [Thread-8] INFO  o.e.m.c.i.embedder.EclipseLogger - 
2016-10-09 21:42:58,578 [Thread-8] INFO  o.e.m.c.i.embedder.EclipseLogger - Search took 8ms
2016-10-09 21:42:58,607 [Worker-8] INFO  o.e.m.c.i.embedder.EclipseLogger - Updating theme VAADIN\themes\mytheme
2016-10-09 21:43:01,527 [Worker-8] INFO  o.e.m.c.i.embedder.EclipseLogger - Theme "VAADIN\themes\mytheme" compiled
2016-10-09 21:43:01,543 [Worker-8] INFO  o.e.m.c.i.embedder.EclipseLogger - Using 'UTF-8' encoding to copy filtered resources.
2016-10-09 21:43:01,544 [Worker-8] INFO  o.e.m.c.i.embedder.EclipseLogger - Copying 1 resource
2016-10-09 21:43:01,555 [Worker-8] INFO  o.e.m.c.i.embedder.EclipseLogger - Copying 0 resource
2016-10-09 21:43:01,569 [Worker-8] INFO  o.e.m.c.i.embedder.EclipseLogger - auto discovered modules [AppWidgetset]
2016-10-09 21:43:01,571 [Worker-8] INFO  o.e.m.c.i.embedder.EclipseLogger - Using com.vaadin:vaadin-client version 7.7.3
2016-10-09 21:43:01,580 [Worker-8] INFO  o.e.m.c.i.embedder.EclipseLogger - Using com.vaadin:vaadin-client-compiler version 7.7.3
2016-10-09 21:43:01,969 [Thread-13] ERROR o.e.m.c.i.embedder.EclipseLogger - Ïêô 09, 2016 9:43:01 ÌÌ java.util.prefs.WindowsPreferences <init>
2016-10-09 21:43:01,982 [Thread-13] ERROR o.e.m.c.i.embedder.EclipseLogger - WARNING: Could not open/create prefs root node Software\JavaSoft\Prefs at root 0x80000002. Windows RegCreateKeyEx(...) returned error code 5.
2016-10-09 21:43:02,053 [Thread-12] INFO  o.e.m.c.i.embedder.EclipseLogger - Loading inherited module 'AppWidgetset'
2016-10-09 21:43:02,054 [Thread-12] INFO  o.e.m.c.i.embedder.EclipseLogger -    [ERROR] Unable to find 'AppWidgetset.gwt.xml' on your classpath; could be a typo, or maybe you forgot to include a classpath entry for source?
2016-10-09 21:43:02,070 [Worker-8] INFO  o.e.m.c.i.embedder.EclipseLogger - Using 'UTF-8' encoding to copy filtered resources.
2016-10-09 21:43:02,070 [Worker-8] INFO  o.e.m.c.i.embedder.EclipseLogger - skip non existing resourceDirectory H:\Users\Parvati\Documents\WebApp2016\ScheduleMe\src\test\resources
2016-10-09 21:47:59,428 [Worker-11] WARN  o.e.m.c.i.embedder.EclipseLogger - GWT plugin is configured to detect modules, but none were found.
2016-10-09 21:47:59,429 [Worker-11] INFO  o.e.m.c.i.embedder.EclipseLogger - No widgetsets found - generating AppWidgetset if necessary.
2016-10-09 21:47:59,430 [Worker-11] INFO  o.e.m.c.i.embedder.EclipseLogger - Updating widgetset AppWidgetset
2016-10-09 21:47:59,430 [Worker-11] INFO  o.e.m.c.i.embedder.EclipseLogger - Adding resource directory to command classpath: H:\Users\Parvati\Documents\WebApp2016\ScheduleMe\src\main\resources
2016-10-09 21:47:59,430 [Worker-11] INFO  o.e.m.c.i.embedder.EclipseLogger - Adding resource directory to command classpath: H:\Users\Parvati\Documents\WebApp2016\ScheduleMe\target\generated-resources\gwt
2016-10-09 21:47:59,431 [Worker-11] INFO  o.e.m.c.i.embedder.EclipseLogger - Using com.vaadin:vaadin-client version 7.7.3
2016-10-09 21:47:59,437 [Worker-11] INFO  o.e.m.c.i.embedder.EclipseLogger - Using com.vaadin:vaadin-client-compiler version 7.7.3
2016-10-09 21:47:59,653 [Thread-21] INFO  o.e.m.c.i.embedder.EclipseLogger - Widgetsets found from classpath:
2016-10-09 21:47:59,653 [Thread-21] INFO  o.e.m.c.i.embedder.EclipseLogger - 	com.vaadin.DefaultWidgetSet in jar:file:H:/Users/Parvati/.m2/repository/com/vaadin/vaadin-client/7.7.3/vaadin-client-7.7.3.jar!/
2016-10-09 21:47:59,653 [Thread-21] INFO  o.e.m.c.i.embedder.EclipseLogger - Addon styles found from classpath:
2016-10-09 21:47:59,653 [Thread-21] INFO  o.e.m.c.i.embedder.EclipseLogger - 
2016-10-09 21:47:59,653 [Thread-21] INFO  o.e.m.c.i.embedder.EclipseLogger - Search took 8ms
2016-10-09 21:47:59,670 [Worker-11] INFO  o.e.m.c.i.embedder.EclipseLogger - Using 'UTF-8' encoding to copy filtered resources.
2016-10-09 21:47:59,672 [Worker-11] INFO  o.e.m.c.i.embedder.EclipseLogger - Copying 1 resource
2016-10-09 21:47:59,676 [Worker-11] INFO  o.e.m.c.i.embedder.EclipseLogger - Copying 1 resource
2016-10-09 21:47:59,694 [Worker-11] INFO  o.e.m.c.i.embedder.EclipseLogger - auto discovered modules [AppWidgetset]
2016-10-09 21:47:59,695 [Worker-11] INFO  o.e.m.c.i.embedder.EclipseLogger - Using com.vaadin:vaadin-client version 7.7.3
2016-10-09 21:47:59,702 [Worker-11] INFO  o.e.m.c.i.embedder.EclipseLogger - Using com.vaadin:vaadin-client-compiler version 7.7.3
2016-10-09 21:48:00,080 [Thread-24] ERROR o.e.m.c.i.embedder.EclipseLogger - Ïêô 09, 2016 9:48:00 ÌÌ java.util.prefs.WindowsPreferences <init>
2016-10-09 21:48:00,081 [Thread-24] ERROR o.e.m.c.i.embedder.EclipseLogger - WARNING: Could not open/create prefs root node Software\JavaSoft\Prefs at root 0x80000002. Windows RegCreateKeyEx(...) returned error code 5.
2016-10-09 21:48:01,564 [Thread-23] INFO  o.e.m.c.i.embedder.EclipseLogger - Compiling module AppWidgetset
2016-10-09 21:48:13,739 [Thread-23] INFO  o.e.m.c.i.embedder.EclipseLogger -    Computing all possible rebind results for 'com.vaadin.client.metadata.ConnectorBundleLoader'
2016-10-09 21:48:13,739 [Thread-23] INFO  o.e.m.c.i.embedder.EclipseLogger -       Rebinding com.vaadin.client.metadata.ConnectorBundleLoader
2016-10-09 21:48:13,739 [Thread-23] INFO  o.e.m.c.i.embedder.EclipseLogger -          Invoking generator com.vaadin.server.widgetsetutils.ConnectorBundleLoaderFactory
2016-10-09 21:48:13,739 [Thread-23] INFO  o.e.m.c.i.embedder.EclipseLogger -             Populating eager bundle
2016-10-09 21:48:13,740 [Thread-23] INFO  o.e.m.c.i.embedder.EclipseLogger -                Visiting JavaScriptExtension with ConnectorInitVisitor
2016-10-09 21:48:13,740 [Thread-23] INFO  o.e.m.c.i.embedder.EclipseLogger -                   JavaScriptExtension will be in the eager bundle
2016-10-09 21:48:13,743 [Thread-23] INFO  o.e.m.c.i.embedder.EclipseLogger -                Will serialize class com.vaadin.shared.JavaScriptExtensionState as a bean
2016-10-09 21:48:13,745 [Thread-23] INFO  o.e.m.c.i.embedder.EclipseLogger -                Will serialize class com.vaadin.shared.communication.URLReference using URLReference_Serializer
2016-10-09 21:48:13,745 [Thread-23] INFO  o.e.m.c.i.embedder.EclipseLogger -                Visiting BrowserWindowOpenerConnector with ConnectorInitVisitor
2016-10-09 21:48:13,745 [Thread-23] INFO  o.e.m.c.i.embedder.EclipseLogger -                   BrowserWindowOpenerConnector will be in the eager bundle
2016-10-09 21:48:13,746 [Thread-23] INFO  o.e.m.c.i.embedder.EclipseLogger -                Will serialize class com.vaadin.shared.ui.BrowserWindowOpenerState as a bean
2016-10-09 21:48:13,746 [Thread-23] INFO  o.e.m.c.i.embedder.EclipseLogger -                Visiting FileDownloaderConnector with ConnectorInitVisitor
2016-10-09 21:48:13,746 [Thread-23] INFO  o.e.m.c.i.embedder.EclipseLogger -                   FileDownloaderConnector will be in the eager bundle
2016-10-09 21:48:13,746 [Thread-23] INFO  o.e.m.c.i.embedder.EclipseLogger -                Will serialize class com.vaadin.shared.communication.SharedState as a bean
2016-10-09 21:48:13,747 [Thread-23] INFO  o.e.m.c.i.embedder.EclipseLogger -                Visiting ResponsiveConnector with ConnectorInitVisitor
2016-10-09 21:48:13,747 [Thread-23] INFO  o.e.m.c.i.embedder.EclipseLogger -                   ResponsiveConnector will be in the eager bundle
2016-10-09 21:48:13,747 [Thread-23] INFO  o.e.m.c.i.embedder.EclipseLogger -                Visiting RpcDataSourceConnector with ConnectorInitVisitor
2016-10-09 21:48:13,747 [Thread-23] INFO  o.e.m.c.i.embedder.EclipseLogger -                   RpcDataSourceConnector will be in the eager bundle
2016-10-09 21:48:13,747 [Thread-23] INFO  o.e.m.c.i.embedder.EclipseLogger -                Visiting AbsoluteLayoutConnector with ConnectorInitVisitor
2016-10-09 21:48:13,747 [Thread-23] INFO  o.e.m.c.i.embedder.EclipseLogger -                   AbsoluteLayoutConnector will be in the eager bundle
2016-10-09 21:48:13,748 [Thread-23] INFO  o.e.m.c.i.embedder.EclipseLogger -                Will serialize class com.vaadin.shared.ui.absolutelayout.AbsoluteLayoutState as a bean
2016-10-09 21:48:13,749 [Thread-23] INFO  o.e.m.c.i.embedder.EclipseLogger -                Visiting JavaScriptComponentConnector with ConnectorInitVisitor
2016-10-09 21:48:13,749 [Thread-23] INFO  o.e.m.c.i.embedder.EclipseLogger -                   JavaScriptComponentConnector will be in the eager bundle
2016-10-09 21:48:13,749 [Thread-23] INFO  o.e.m.c.i.embedder.EclipseLogger -                Will serialize class com.vaadin.shared.ui.JavaScriptComponentState as a bean
2016-10-09 21:48:13,750 [Thread-23] INFO  o.e.m.c.i.embedder.EclipseLogger -                Visiting AccordionConnector with ConnectorInitVisitor
2016-10-09 21:48:13,750 [Thread-23] INFO  o.e.m.c.i.embedder.EclipseLogger -                   AccordionConnector will be in the eager bundle
2016-10-09 21:48:13,751 [Thread-23] INFO  o.e.m.c.i.embedder.EclipseLogger -                Will serialize class com.vaadin.shared.ui.accordion.AccordionState as a bean
2016-10-09 21:48:13,751 [Thread-23] INFO  o.e.m.c.i.embedder.EclipseLogger -                Will serialize class com.vaadin.shared.ui.tabsheet.TabState as a bean
2016-10-09 21:48:13,751 [Thread-23] INFO  o.e.m.c.i.embedder.EclipseLogger -                Visiting AudioConnector with ConnectorInitVisitor
2016-10-09 21:48:13,751 [Thread-23] INFO  o.e.m.c.i.embedder.EclipseLogger -                   AudioConnector will be in the eager bundle
2016-10-09 21:48:13,751 [Thread-23] INFO  o.e.m.c.i.embedder.EclipseLogger -                Will serialize class com.vaadin.shared.ui.audio.AudioState as a bean
2016-10-09 21:48:13,751 [Thread-23] INFO  o.e.m.c.i.embedder.EclipseLogger -                Visiting BrowserFrameConnector with ConnectorInitVisitor
2016-10-09 21:48:13,752 [Thread-23] INFO  o.e.m.c.i.embedder.EclipseLogger -                   BrowserFrameConnector will be in the eager bundle
2016-10-09 21:48:13,752 [Thread-23] INFO  o.e.m.c.i.embedder.EclipseLogger -                Will serialize class com.vaadin.shared.ui.browserframe.BrowserFrameState as a bean
2016-10-09 21:48:13,752 [Thread-23] INFO  o.e.m.c.i.embedder.EclipseLogger -                Visiting ButtonConnector with ConnectorInitVisitor
2016-10-09 21:48:13,752 [Thread-23] INFO  o.e.m.c.i.embedder.EclipseLogger -                   ButtonConnector will be in the eager bundle
2016-10-09 21:48:13,753 [Thread-23] INFO  o.e.m.c.i.embedder.EclipseLogger -                Will serialize class com.vaadin.shared.ui.button.ButtonState as a bean
2016-10-09 21:48:13,753 [Thread-23] INFO  o.e.m.c.i.embedder.EclipseLogger -                Visiting CheckBoxConnector with ConnectorInitVisitor
2016-10-09 21:48:13,753 [Thread-23] INFO  o.e.m.c.i.embedder.EclipseLogger -                   CheckBoxConnector will be in the eager bundle
2016-10-09 21:48:13,755 [Thread-23] INFO  o.e.m.c.i.embedder.EclipseLogger -                Will serialize class com.vaadin.shared.ui.checkbox.CheckBoxState as a bean
2016-10-09 21:48:13,755 [Thread-23] INFO  o.e.m.c.i.embedder.EclipseLogger -                Visiting ComboBoxConnector with ConnectorInitVisitor
2016-10-09 21:48:13,755 [Thread-23] INFO  o.e.m.c.i.embedder.EclipseLogger -                   ComboBoxConnector will be in the eager bundle
2016-10-09 21:48:13,755 [Thread-23] INFO  o.e.m.c.i.embedder.EclipseLogger -                Will serialize class com.vaadin.shared.ui.combobox.ComboBoxState as a bean
2016-10-09 21:48:13,755 [Thread-23] INFO  o.e.m.c.i.embedder.EclipseLogger -                Visiting CssLayoutConnector with ConnectorInitVisitor
2016-10-09 21:48:13,755 [Thread-23] INFO  o.e.m.c.i.embedder.EclipseLogger -                   CssLayoutConnector will be in the eager bundle
2016-10-09 21:48:13,755 [Thread-23] INFO  o.e.m.c.i.embedder.EclipseLogger -                Will serialize class com.vaadin.shared.ui.csslayout.CssLayoutState as a bean
2016-10-09 21:48:13,758 [Thread-23] INFO  o.e.m.c.i.embedder.EclipseLogger -                Visiting CustomComponentConnector with ConnectorInitVisitor
2016-10-09 21:48:13,758 [Thread-23] INFO  o.e.m.c.i.embedder.EclipseLogger -                   CustomComponentConnector will be in the eager bundle
2016-10-09 21:48:13,758 [Thread-23] INFO  o.e.m.c.i.embedder.EclipseLogger -                Will serialize class com.vaadin.shared.AbstractComponentState as a bean
2016-10-09 21:48:13,758 [Thread-23] INFO  o.e.m.c.i.embedder.EclipseLogger -                Visiting CustomFieldConnector with ConnectorInitVisitor
2016-10-09 21:48:13,758 [Thread-23] INFO  o.e.m.c.i.embedder.EclipseLogger -                   CustomFieldConnector will be in the eager bundle
2016-10-09 21:48:13,758 [Thread-23] INFO  o.e.m.c.i.embedder.EclipseLogger -                Will serialize class com.vaadin.shared.AbstractFieldState as a bean
2016-10-09 21:48:13,758 [Thread-23] INFO  o.e.m.c.i.embedder.EclipseLogger -                Visiting CustomLayoutConnector with ConnectorInitVisitor
2016-10-09 21:48:13,758 [Thread-23] INFO  o.e.m.c.i.embedder.EclipseLogger -                   CustomLayoutConnector will be in the eager bundle
2016-10-09 21:48:13,759 [Thread-23] INFO  o.e.m.c.i.embedder.EclipseLogger -                Will serialize class com.vaadin.shared.ui.customlayout.CustomLayoutState as a bean
2016-10-09 21:48:13,759 [Thread-23] INFO  o.e.m.c.i.embedder.EclipseLogger -                Visiting DateFieldConnector with ConnectorInitVisitor
2016-10-09 21:48:13,759 [Thread-23] INFO  o.e.m.c.i.embedder.EclipseLogger -                   DateFieldConnector will be in the eager bundle
2016-10-09 21:48:13,759 [Thread-23] INFO  o.e.m.c.i.embedder.EclipseLogger -                Will serialize class com.vaadin.shared.ui.datefield.PopupDateFieldState as a bean
2016-10-09 21:48:13,759 [Thread-23] INFO  o.e.m.c.i.embedder.EclipseLogger -                Will serialize class java.util.Date using Date_Serializer
2016-10-09 21:48:13,759 [Thread-23] INFO  o.e.m.c.i.embedder.EclipseLogger -                Visiting DragAndDropWrapperConnector with ConnectorInitVisitor
2016-10-09 21:48:13,759 [Thread-23] INFO  o.e.m.c.i.embedder.EclipseLogger -                   DragAndDropWrapperConnector will be in the eager bundle
2016-10-09 21:48:13,759 [Thread-23] INFO  o.e.m.c.i.embedder.EclipseLogger -                Visiting EmbeddedConnector with ConnectorInitVisitor
2016-10-09 21:48:13,759 [Thread-23] INFO  o.e.m.c.i.embedder.EclipseLogger -                   EmbeddedConnector will be in the eager bundle
2016-10-09 21:48:13,759 [Thread-23] INFO  o.e.m.c.i.embedder.EclipseLogger -                Will serialize class com.vaadin.shared.ui.embedded.EmbeddedState as a bean
2016-10-09 21:48:13,759 [Thread-23] INFO  o.e.m.c.i.embedder.EclipseLogger -                Visiting FlashConnector with ConnectorInitVisitor
2016-10-09 21:48:13,759 [Thread-23] INFO  o.e.m.c.i.embedder.EclipseLogger -                   FlashConnector will be in the eager bundle
2016-10-09 21:48:13,759 [Thread-23] INFO  o.e.m.c.i.embedder.EclipseLogger -                Will serialize class com.vaadin.shared.ui.flash.FlashState as a bean
2016-10-09 21:48:13,759 [Thread-23] INFO  o.e.m.c.i.embedder.EclipseLogger -                Visiting FormConnector with ConnectorInitVisitor
2016-10-09 21:48:13,759 [Thread-23] INFO  o.e.m.c.i.embedder.EclipseLogger -                   FormConnector will be in the eager bundle
2016-10-09 21:48:13,760 [Thread-23] INFO  o.e.m.c.i.embedder.EclipseLogger -                Will serialize class com.vaadin.shared.ui.form.FormState as a bean
2016-10-09 21:48:13,760 [Thread-23] INFO  o.e.m.c.i.embedder.EclipseLogger -                Visiting FormLayoutConnector with ConnectorInitVisitor
2016-10-09 21:48:13,760 [Thread-23] INFO  o.e.m.c.i.embedder.EclipseLogger -                   FormLayoutConnector will be in the eager bundle
2016-10-09 21:48:13,760 [Thread-23] INFO  o.e.m.c.i.embedder.EclipseLogger -                Will serialize class com.vaadin.shared.ui.orderedlayout.FormLayoutState as a bean
2016-10-09 21:48:13,761 [Thread-23] INFO  o.e.m.c.i.embedder.EclipseLogger -                Will serialize class java.util.HashMap<com.vaadin.shared.Connector, com.vaadin.shared.ui.orderedlayout.AbstractOrderedLayoutState.ChildComponentData> as a bean
2016-10-09 21:48:13,761 [Thread-23] INFO  o.e.m.c.i.embedder.EclipseLogger -                Will serialize class com.vaadin.shared.ui.orderedlayout.AbstractOrderedLayoutState.ChildComponentData as a bean
2016-10-09 21:48:13,761 [Thread-23] INFO  o.e.m.c.i.embedder.EclipseLogger -                Visiting GridConnector with ConnectorInitVisitor
2016-10-09 21:48:13,762 [Thread-23] INFO  o.e.m.c.i.embedder.EclipseLogger -                   GridConnector will be in the eager bundle
2016-10-09 21:48:13,764 [Thread-23] INFO  o.e.m.c.i.embedder.EclipseLogger -                Will serialize class com.vaadin.shared.ui.grid.GridState as a bean
2016-10-09 21:48:13,764 [Thread-23] INFO  o.e.m.c.i.embedder.EclipseLogger -                Will serialize com.vaadin.shared.data.sort.SortDirection[] as an array
2016-10-09 21:48:13,765 [Thread-23] INFO  o.e.m.c.i.embedder.EclipseLogger -                Will serialize class com.vaadin.shared.ui.grid.HeightMode as an enum
2016-10-09 21:48:13,766 [Thread-23] INFO  o.e.m.c.i.embedder.EclipseLogger -                Will serialize class com.vaadin.shared.data.sort.SortDirection as an enum
2016-10-09 21:48:13,766 [Thread-23] INFO  o.e.m.c.i.embedder.EclipseLogger -                Will serialize class com.vaadin.shared.ui.grid.GridStaticSectionState as a bean
2016-10-09 21:48:13,766 [Thread-23] INFO  o.e.m.c.i.embedder.EclipseLogger -                Will serialize class com.vaadin.shared.ui.grid.GridStaticSectionState.RowState as a bean
2016-10-09 21:48:13,766 [Thread-23] INFO  o.e.m.c.i.embedder.EclipseLogger -                Will serialize class com.vaadin.shared.ui.grid.GridStaticSectionState.CellState as a bean
2016-10-09 21:48:13,766 [Thread-23] INFO  o.e.m.c.i.embedder.EclipseLogger -                Will serialize class com.vaadin.shared.ui.grid.GridStaticCellType as an enum
2016-10-09 21:48:13,766 [Thread-23] INFO  o.e.m.c.i.embedder.EclipseLogger -                Will serialize class com.vaadin.shared.ui.grid.GridColumnState as a bean
2016-10-09 21:48:13,766 [Thread-23] INFO  o.e.m.c.i.embedder.EclipseLogger -                Will serialize java.lang.String[] as an array
2016-10-09 21:48:13,766 [Thread-23] INFO  o.e.m.c.i.embedder.EclipseLogger -                Visiting DetailComponentManagerConnector with ConnectorInitVisitor
2016-10-09 21:48:13,766 [Thread-23] INFO  o.e.m.c.i.embedder.EclipseLogger -                   DetailComponentManagerConnector will be in the eager bundle
2016-10-09 21:48:13,767 [Thread-23] INFO  o.e.m.c.i.embedder.EclipseLogger -                Visiting MultiSelectionModelConnector with ConnectorInitVisitor
2016-10-09 21:48:13,767 [Thread-23] INFO  o.e.m.c.i.embedder.EclipseLogger -                   MultiSelectionModelConnector will be in the eager bundle
2016-10-09 21:48:13,767 [Thread-23] INFO  o.e.m.c.i.embedder.EclipseLogger -                Will serialize class com.vaadin.shared.ui.grid.selection.MultiSelectionModelState as a bean
2016-10-09 21:48:13,767 [Thread-23] INFO  o.e.m.c.i.embedder.EclipseLogger -                Visiting NoSelectionModelConnector with ConnectorInitVisitor
2016-10-09 21:48:13,768 [Thread-23] INFO  o.e.m.c.i.embedder.EclipseLogger -                   NoSelectionModelConnector will be in the eager bundle
2016-10-09 21:48:13,768 [Thread-23] INFO  o.e.m.c.i.embedder.EclipseLogger -                Visiting SingleSelectionModelConnector with ConnectorInitVisitor
2016-10-09 21:48:13,768 [Thread-23] INFO  o.e.m.c.i.embedder.EclipseLogger -                   SingleSelectionModelConnector will be in the eager bundle
2016-10-09 21:48:13,768 [Thread-23] INFO  o.e.m.c.i.embedder.EclipseLogger -                Will serialize class com.vaadin.shared.ui.grid.selection.SingleSelectionModelState as a bean
2016-10-09 21:48:13,768 [Thread-23] INFO  o.e.m.c.i.embedder.EclipseLogger -                Visiting GridLayoutConnector with ConnectorInitVisitor
2016-10-09 21:48:13,768 [Thread-23] INFO  o.e.m.c.i.embedder.EclipseLogger -                   GridLayoutConnector will be in the eager bundle
2016-10-09 21:48:13,768 [Thread-23] INFO  o.e.m.c.i.embedder.EclipseLogger -                Will serialize class com.vaadin.shared.ui.gridlayout.GridLayoutState as a bean
2016-10-09 21:48:13,769 [Thread-23] INFO  o.e.m.c.i.embedder.EclipseLogger -                Will serialize float[] as an array
2016-10-09 21:48:13,769 [Thread-23] INFO  o.e.m.c.i.embedder.EclipseLogger -                Will serialize class com.vaadin.shared.ui.gridlayout.GridLayoutState.ChildComponentData as a bean
2016-10-09 21:48:13,769 [Thread-23] INFO  o.e.m.c.i.embedder.EclipseLogger -                Visiting HorizontalLayoutConnector with ConnectorInitVisitor
2016-10-09 21:48:13,769 [Thread-23] INFO  o.e.m.c.i.embedder.EclipseLogger -                   HorizontalLayoutConnector will be in the eager bundle
2016-10-09 21:48:13,769 [Thread-23] INFO  o.e.m.c.i.embedder.EclipseLogger -                Will serialize class com.vaadin.shared.ui.orderedlayout.HorizontalLayoutState as a bean
2016-10-09 21:48:13,769 [Thread-23] INFO  o.e.m.c.i.embedder.EclipseLogger -                Visiting HorizontalSplitPanelConnector with ConnectorInitVisitor
2016-10-09 21:48:13,769 [Thread-23] INFO  o.e.m.c.i.embedder.EclipseLogger -                   HorizontalSplitPanelConnector will be in the eager bundle
2016-10-09 21:48:13,770 [Thread-23] INFO  o.e.m.c.i.embedder.EclipseLogger -                Will serialize class com.vaadin.shared.ui.splitpanel.HorizontalSplitPanelState as a bean
2016-10-09 21:48:13,770 [Thread-23] INFO  o.e.m.c.i.embedder.EclipseLogger -                Will serialize class com.vaadin.shared.ui.splitpanel.AbstractSplitPanelState.SplitterState as a bean
2016-10-09 21:48:13,770 [Thread-23] INFO  o.e.m.c.i.embedder.EclipseLogger -                Visiting ImageConnector with ConnectorInitVisitor
2016-10-09 21:48:13,770 [Thread-23] INFO  o.e.m.c.i.embedder.EclipseLogger -                   ImageConnector will be in the eager bundle
2016-10-09 21:48:13,770 [Thread-23] INFO  o.e.m.c.i.embedder.EclipseLogger -                Will serialize class com.vaadin.shared.ui.image.ImageState as a bean
2016-10-09 21:48:13,770 [Thread-23] INFO  o.e.m.c.i.embedder.EclipseLogger -                Visiting InlineDateFieldConnector with ConnectorInitVisitor
2016-10-09 21:48:13,770 [Thread-23] INFO  o.e.m.c.i.embedder.EclipseLogger -                   InlineDateFieldConnector will be in the eager bundle
2016-10-09 21:48:13,771 [Thread-23] INFO  o.e.m.c.i.embedder.EclipseLogger -                Will serialize class com.vaadin.shared.ui.datefield.InlineDateFieldState as a bean
2016-10-09 21:48:13,771 [Thread-23] INFO  o.e.m.c.i.embedder.EclipseLogger -                Visiting JavaScriptManagerConnector with ConnectorInitVisitor
2016-10-09 21:48:13,771 [Thread-23] INFO  o.e.m.c.i.embedder.EclipseLogger -                   JavaScriptManagerConnector will be in the eager bundle
2016-10-09 21:48:13,771 [Thread-23] INFO  o.e.m.c.i.embedder.EclipseLogger -                Will serialize class com.vaadin.shared.extension.javascriptmanager.JavaScriptManagerState as a bean
2016-10-09 21:48:13,771 [Thread-23] INFO  o.e.m.c.i.embedder.EclipseLogger -                Visiting LabelConnector with ConnectorInitVisitor
2016-10-09 21:48:13,771 [Thread-23] INFO  o.e.m.c.i.embedder.EclipseLogger -                   LabelConnector will be in the eager bundle
2016-10-09 21:48:13,771 [Thread-23] INFO  o.e.m.c.i.embedder.EclipseLogger -                Will serialize class com.vaadin.shared.ui.label.LabelState as a bean
2016-10-09 21:48:13,772 [Thread-23] INFO  o.e.m.c.i.embedder.EclipseLogger -                Will serialize class com.vaadin.shared.ui.label.ContentMode as an enum
2016-10-09 21:48:13,772 [Thread-23] INFO  o.e.m.c.i.embedder.EclipseLogger -                Visiting LinkConnector with ConnectorInitVisitor
2016-10-09 21:48:13,772 [Thread-23] INFO  o.e.m.c.i.embedder.EclipseLogger -                   LinkConnector will be in the eager bundle
2016-10-09 21:48:13,772 [Thread-23] INFO  o.e.m.c.i.embedder.EclipseLogger -                Will serialize class com.vaadin.shared.ui.link.LinkState as a bean
2016-10-09 21:48:13,772 [Thread-23] INFO  o.e.m.c.i.embedder.EclipseLogger -                Will serialize class com.vaadin.shared.ui.BorderStyle as an enum
2016-10-09 21:48:13,772 [Thread-23] INFO  o.e.m.c.i.embedder.EclipseLogger -                Visiting ListSelectConnector with ConnectorInitVisitor
2016-10-09 21:48:13,772 [Thread-23] INFO  o.e.m.c.i.embedder.EclipseLogger -                   ListSelectConnector will be in the eager bundle
2016-10-09 21:48:13,772 [Thread-23] INFO  o.e.m.c.i.embedder.EclipseLogger -                Will serialize class com.vaadin.shared.ui.select.AbstractSelectState as a bean
2016-10-09 21:48:13,773 [Thread-23] INFO  o.e.m.c.i.embedder.EclipseLogger -                Visiting LoginFormConnector with ConnectorInitVisitor
2016-10-09 21:48:13,773 [Thread-23] INFO  o.e.m.c.i.embedder.EclipseLogger -                   LoginFormConnector will be in the eager bundle
2016-10-09 21:48:13,773 [Thread-23] INFO  o.e.m.c.i.embedder.EclipseLogger -                Will serialize class com.vaadin.shared.ui.loginform.LoginFormState as a bean
2016-10-09 21:48:13,773 [Thread-23] INFO  o.e.m.c.i.embedder.EclipseLogger -                Visiting MenuBarConnector with ConnectorInitVisitor
2016-10-09 21:48:13,773 [Thread-23] INFO  o.e.m.c.i.embedder.EclipseLogger -                   MenuBarConnector will be in the eager bundle
2016-10-09 21:48:13,774 [Thread-23] INFO  o.e.m.c.i.embedder.EclipseLogger -                Will serialize class com.vaadin.shared.ui.menubar.MenuBarState as a bean
2016-10-09 21:48:13,774 [Thread-23] INFO  o.e.m.c.i.embedder.EclipseLogger -                Visiting NativeButtonConnector with ConnectorInitVisitor
2016-10-09 21:48:13,774 [Thread-23] INFO  o.e.m.c.i.embedder.EclipseLogger -                   NativeButtonConnector will be in the eager bundle
2016-10-09 21:48:13,774 [Thread-23] INFO  o.e.m.c.i.embedder.EclipseLogger -                Will serialize class com.vaadin.shared.ui.button.NativeButtonState as a bean
2016-10-09 21:48:13,774 [Thread-23] INFO  o.e.m.c.i.embedder.EclipseLogger -                Visiting NativeSelectConnector with ConnectorInitVisitor
2016-10-09 21:48:13,774 [Thread-23] INFO  o.e.m.c.i.embedder.EclipseLogger -                   NativeSelectConnector will be in the eager bundle
2016-10-09 21:48:13,774 [Thread-23] INFO  o.e.m.c.i.embedder.EclipseLogger -                Visiting OptionGroupConnector with ConnectorInitVisitor
2016-10-09 21:48:13,774 [Thread-23] INFO  o.e.m.c.i.embedder.EclipseLogger -                   OptionGroupConnector will be in the eager bundle
2016-10-09 21:48:13,774 [Thread-23] INFO  o.e.m.c.i.embedder.EclipseLogger -                Will serialize class com.vaadin.shared.ui.optiongroup.OptionGroupState as a bean
2016-10-09 21:48:13,775 [Thread-23] INFO  o.e.m.c.i.embedder.EclipseLogger -                Visiting PanelConnector with ConnectorInitVisitor
2016-10-09 21:48:13,775 [Thread-23] INFO  o.e.m.c.i.embedder.EclipseLogger -                   PanelConnector will be in the eager bundle
2016-10-09 21:48:13,775 [Thread-23] INFO  o.e.m.c.i.embedder.EclipseLogger -                Will serialize class com.vaadin.shared.ui.panel.PanelState as a bean
2016-10-09 21:48:13,775 [Thread-23] INFO  o.e.m.c.i.embedder.EclipseLogger -                Visiting PasswordFieldConnector with ConnectorInitVisitor
2016-10-09 21:48:13,775 [Thread-23] INFO  o.e.m.c.i.embedder.EclipseLogger -                   PasswordFieldConnector will be in the eager bundle
2016-10-09 21:48:13,775 [Thread-23] INFO  o.e.m.c.i.embedder.EclipseLogger -                Will serialize class com.vaadin.shared.ui.textfield.AbstractTextFieldState as a bean
2016-10-09 21:48:13,775 [Thread-23] INFO  o.e.m.c.i.embedder.EclipseLogger -                Visiting PopupDateFieldConnector with ConnectorInitVisitor
2016-10-09 21:48:13,775 [Thread-23] INFO  o.e.m.c.i.embedder.EclipseLogger -                   PopupDateFieldConnector will be in the eager bundle
2016-10-09 21:48:13,776 [Thread-23] INFO  o.e.m.c.i.embedder.EclipseLogger -                Visiting PopupViewConnector with ConnectorInitVisitor
2016-10-09 21:48:13,777 [Thread-23] INFO  o.e.m.c.i.embedder.EclipseLogger -                   PopupViewConnector will be in the eager bundle
2016-10-09 21:48:13,777 [Thread-23] INFO  o.e.m.c.i.embedder.EclipseLogger -                Will serialize class com.vaadin.shared.ui.popupview.PopupViewState as a bean
2016-10-09 21:48:13,777 [Thread-23] INFO  o.e.m.c.i.embedder.EclipseLogger -                Visiting ProgressBarConnector with ConnectorInitVisitor
2016-10-09 21:48:13,777 [Thread-23] INFO  o.e.m.c.i.embedder.EclipseLogger -                   ProgressBarConnector will be in the eager bundle
2016-10-09 21:48:13,777 [Thread-23] INFO  o.e.m.c.i.embedder.EclipseLogger -                Will serialize class com.vaadin.shared.ui.progressindicator.ProgressBarState as a bean
2016-10-09 21:48:13,777 [Thread-23] INFO  o.e.m.c.i.embedder.EclipseLogger -                Visiting ProgressIndicatorConnector with ConnectorInitVisitor
2016-10-09 21:48:13,777 [Thread-23] INFO  o.e.m.c.i.embedder.EclipseLogger -                   ProgressIndicatorConnector will be in the eager bundle
2016-10-09 21:48:13,777 [Thread-23] INFO  o.e.m.c.i.embedder.EclipseLogger -                Will serialize class com.vaadin.shared.ui.progressindicator.ProgressIndicatorState as a bean
2016-10-09 21:48:13,777 [Thread-23] INFO  o.e.m.c.i.embedder.EclipseLogger -                Visiting SliderConnector with ConnectorInitVisitor
2016-10-09 21:48:13,777 [Thread-23] INFO  o.e.m.c.i.embedder.EclipseLogger -                   SliderConnector will be in the eager bundle
2016-10-09 21:48:13,778 [Thread-23] INFO  o.e.m.c.i.embedder.EclipseLogger -                Will serialize class com.vaadin.shared.ui.slider.SliderState as a bean
2016-10-09 21:48:13,778 [Thread-23] INFO  o.e.m.c.i.embedder.EclipseLogger -                Will serialize class com.vaadin.shared.ui.slider.SliderOrientation as an enum
2016-10-09 21:48:13,778 [Thread-23] INFO  o.e.m.c.i.embedder.EclipseLogger -                Visiting TabsheetConnector with ConnectorInitVisitor
2016-10-09 21:48:13,778 [Thread-23] INFO  o.e.m.c.i.embedder.EclipseLogger -                   TabsheetConnector will be in the eager bundle
2016-10-09 21:48:13,778 [Thread-23] INFO  o.e.m.c.i.embedder.EclipseLogger -                Will serialize class com.vaadin.shared.ui.tabsheet.TabsheetState as a bean
2016-10-09 21:48:13,778 [Thread-23] INFO  o.e.m.c.i.embedder.EclipseLogger -                Visiting TableConnector with ConnectorInitVisitor
2016-10-09 21:48:13,778 [Thread-23] INFO  o.e.m.c.i.embedder.EclipseLogger -                   TableConnector will be in the eager bundle
2016-10-09 21:48:13,778 [Thread-23] INFO  o.e.m.c.i.embedder.EclipseLogger -                Will serialize class com.vaadin.shared.ui.table.TableState as a bean
2016-10-09 21:48:13,778 [Thread-23] INFO  o.e.m.c.i.embedder.EclipseLogger -                Will serialize class com.vaadin.shared.ui.table.CollapseMenuContent as an enum
2016-10-09 21:48:13,778 [Thread-23] INFO  o.e.m.c.i.embedder.EclipseLogger -                Visiting TextAreaConnector with ConnectorInitVisitor
2016-10-09 21:48:13,778 [Thread-23] INFO  o.e.m.c.i.embedder.EclipseLogger -                   TextAreaConnector will be in the eager bundle
2016-10-09 21:48:13,779 [Thread-23] INFO  o.e.m.c.i.embedder.EclipseLogger -                Will serialize class com.vaadin.shared.ui.textarea.TextAreaState as a bean
2016-10-09 21:48:13,779 [Thread-23] INFO  o.e.m.c.i.embedder.EclipseLogger -                Visiting TextFieldConnector with ConnectorInitVisitor
2016-10-09 21:48:13,779 [Thread-23] INFO  o.e.m.c.i.embedder.EclipseLogger -                   TextFieldConnector will be in the eager bundle
2016-10-09 21:48:13,779 [Thread-23] INFO  o.e.m.c.i.embedder.EclipseLogger -                Visiting TreeConnector with ConnectorInitVisitor
2016-10-09 21:48:13,779 [Thread-23] INFO  o.e.m.c.i.embedder.EclipseLogger -                   TreeConnector will be in the eager bundle
2016-10-09 21:48:13,779 [Thread-23] INFO  o.e.m.c.i.embedder.EclipseLogger -                Will serialize class com.vaadin.shared.ui.tree.TreeState as a bean
2016-10-09 21:48:13,779 [Thread-23] INFO  o.e.m.c.i.embedder.EclipseLogger -                Visiting TreeTableConnector with ConnectorInitVisitor
2016-10-09 21:48:13,779 [Thread-23] INFO  o.e.m.c.i.embedder.EclipseLogger -                   TreeTableConnector will be in the eager bundle
2016-10-09 21:48:13,779 [Thread-23] INFO  o.e.m.c.i.embedder.EclipseLogger -                Will serialize class com.vaadin.shared.ui.treetable.TreeTableState as a bean
2016-10-09 21:48:13,780 [Thread-23] INFO  o.e.m.c.i.embedder.EclipseLogger -                Visiting TwinColSelectConnector with ConnectorInitVisitor
2016-10-09 21:48:13,780 [Thread-23] INFO  o.e.m.c.i.embedder.EclipseLogger -                   TwinColSelectConnector will be in the eager bundle
2016-10-09 21:48:13,780 [Thread-23] INFO  o.e.m.c.i.embedder.EclipseLogger -                Will serialize class com.vaadin.shared.ui.twincolselect.TwinColSelectState as a bean
2016-10-09 21:48:13,780 [Thread-23] INFO  o.e.m.c.i.embedder.EclipseLogger -                Visiting UIConnector with ConnectorInitVisitor
2016-10-09 21:48:13,780 [Thread-23] INFO  o.e.m.c.i.embedder.EclipseLogger -                   UIConnector will be in the eager bundle
2016-10-09 21:48:13,780 [Thread-23] INFO  o.e.m.c.i.embedder.EclipseLogger -                Will serialize class com.vaadin.shared.ui.ui.UIState as a bean
2016-10-09 21:48:13,780 [Thread-23] INFO  o.e.m.c.i.embedder.EclipseLogger -                Will serialize class com.vaadin.shared.ui.ui.UIState.ReconnectDialogConfigurationState as a bean
2016-10-09 21:48:13,780 [Thread-23] INFO  o.e.m.c.i.embedder.EclipseLogger -                Will serialize class com.vaadin.shared.ui.ui.UIState.PushConfigurationState as a bean
2016-10-09 21:48:13,780 [Thread-23] INFO  o.e.m.c.i.embedder.EclipseLogger -                Will serialize class com.vaadin.shared.ui.ui.UIState.LocaleServiceState as a bean
2016-10-09 21:48:13,780 [Thread-23] INFO  o.e.m.c.i.embedder.EclipseLogger -                Will serialize class com.vaadin.shared.ui.ui.PageState as a bean
2016-10-09 21:48:13,780 [Thread-23] INFO  o.e.m.c.i.embedder.EclipseLogger -                Will serialize class com.vaadin.shared.ui.ui.UIState.TooltipConfigurationState as a bean
2016-10-09 21:48:13,780 [Thread-23] INFO  o.e.m.c.i.embedder.EclipseLogger -                Will serialize class com.vaadin.shared.communication.PushMode as an enum
2016-10-09 21:48:13,780 [Thread-23] INFO  o.e.m.c.i.embedder.EclipseLogger -                Will serialize class com.vaadin.shared.ui.ui.UIState.LoadingIndicatorConfigurationState as a bean
2016-10-09 21:48:13,780 [Thread-23] INFO  o.e.m.c.i.embedder.EclipseLogger -                Will serialize class com.vaadin.shared.ui.ui.UIState.NotificationTypeConfiguration as a bean
2016-10-09 21:48:13,780 [Thread-23] INFO  o.e.m.c.i.embedder.EclipseLogger -                Will serialize class com.vaadin.shared.ui.ui.NotificationRole as an enum
2016-10-09 21:48:13,780 [Thread-23] INFO  o.e.m.c.i.embedder.EclipseLogger -                Will serialize class com.vaadin.shared.ui.ui.UIState.LocaleData as a bean
2016-10-09 21:48:13,780 [Thread-23] INFO  o.e.m.c.i.embedder.EclipseLogger -                Visiting UploadConnector with ConnectorInitVisitor
2016-10-09 21:48:13,780 [Thread-23] INFO  o.e.m.c.i.embedder.EclipseLogger -                   UploadConnector will be in the eager bundle
2016-10-09 21:48:13,780 [Thread-23] INFO  o.e.m.c.i.embedder.EclipseLogger -                Will serialize class com.vaadin.shared.ui.upload.UploadState as a bean
2016-10-09 21:48:13,782 [Thread-23] INFO  o.e.m.c.i.embedder.EclipseLogger -                Visiting VerticalLayoutConnector with ConnectorInitVisitor
2016-10-09 21:48:13,782 [Thread-23] INFO  o.e.m.c.i.embedder.EclipseLogger -                   VerticalLayoutConnector will be in the eager bundle
2016-10-09 21:48:13,782 [Thread-23] INFO  o.e.m.c.i.embedder.EclipseLogger -                Will serialize class com.vaadin.shared.ui.orderedlayout.VerticalLayoutState as a bean
2016-10-09 21:48:13,782 [Thread-23] INFO  o.e.m.c.i.embedder.EclipseLogger -                Visiting VerticalSplitPanelConnector with ConnectorInitVisitor
2016-10-09 21:48:13,782 [Thread-23] INFO  o.e.m.c.i.embedder.EclipseLogger -                   VerticalSplitPanelConnector will be in the eager bundle
2016-10-09 21:48:13,782 [Thread-23] INFO  o.e.m.c.i.embedder.EclipseLogger -                Will serialize class com.vaadin.shared.ui.splitpanel.VerticalSplitPanelState as a bean
2016-10-09 21:48:13,782 [Thread-23] INFO  o.e.m.c.i.embedder.EclipseLogger -                Visiting VideoConnector with ConnectorInitVisitor
2016-10-09 21:48:13,782 [Thread-23] INFO  o.e.m.c.i.embedder.EclipseLogger -                   VideoConnector will be in the eager bundle
2016-10-09 21:48:13,782 [Thread-23] INFO  o.e.m.c.i.embedder.EclipseLogger -                Will serialize class com.vaadin.shared.ui.video.VideoState as a bean
2016-10-09 21:48:13,782 [Thread-23] INFO  o.e.m.c.i.embedder.EclipseLogger -                Visiting WindowConnector with ConnectorInitVisitor
2016-10-09 21:48:13,782 [Thread-23] INFO  o.e.m.c.i.embedder.EclipseLogger -                   WindowConnector will be in the eager bundle
2016-10-09 21:48:13,782 [Thread-23] INFO  o.e.m.c.i.embedder.EclipseLogger -                Will serialize class com.vaadin.shared.ui.window.WindowState as a bean
2016-10-09 21:48:13,782 [Thread-23] INFO  o.e.m.c.i.embedder.EclipseLogger -                Will serialize com.vaadin.shared.Connector[] as an array
2016-10-09 21:48:13,782 [Thread-23] INFO  o.e.m.c.i.embedder.EclipseLogger -                Will serialize class com.vaadin.shared.ui.window.WindowRole as an enum
2016-10-09 21:48:13,782 [Thread-23] INFO  o.e.m.c.i.embedder.EclipseLogger -                Will serialize class com.vaadin.shared.ui.window.WindowMode as an enum
2016-10-09 21:48:13,782 [Thread-23] INFO  o.e.m.c.i.embedder.EclipseLogger -                Visiting JavaScriptRendererConnector with ConnectorInitVisitor
2016-10-09 21:48:13,783 [Thread-23] INFO  o.e.m.c.i.embedder.EclipseLogger -                   JavaScriptRendererConnector will be in the eager bundle
2016-10-09 21:48:13,783 [Thread-23] INFO  o.e.m.c.i.embedder.EclipseLogger -                Visiting ButtonRendererConnector with ConnectorInitVisitor
2016-10-09 21:48:13,783 [Thread-23] INFO  o.e.m.c.i.embedder.EclipseLogger -                   ButtonRendererConnector will be in the eager bundle
2016-10-09 21:48:13,783 [Thread-23] INFO  o.e.m.c.i.embedder.EclipseLogger -                Visiting DateRendererConnector with ConnectorInitVisitor
2016-10-09 21:48:13,783 [Thread-23] INFO  o.e.m.c.i.embedder.EclipseLogger -                   DateRendererConnector will be in the eager bundle
2016-10-09 21:48:13,783 [Thread-23] INFO  o.e.m.c.i.embedder.EclipseLogger -                Visiting UnsafeHtmlRendererConnector with ConnectorInitVisitor
2016-10-09 21:48:13,783 [Thread-23] INFO  o.e.m.c.i.embedder.EclipseLogger -                   UnsafeHtmlRendererConnector will be in the eager bundle
2016-10-09 21:48:13,783 [Thread-23] INFO  o.e.m.c.i.embedder.EclipseLogger -                Visiting ImageRendererConnector with ConnectorInitVisitor
2016-10-09 21:48:13,783 [Thread-23] INFO  o.e.m.c.i.embedder.EclipseLogger -                   ImageRendererConnector will be in the eager bundle
2016-10-09 21:48:13,783 [Thread-23] INFO  o.e.m.c.i.embedder.EclipseLogger -                Visiting NumberRendererConnector with ConnectorInitVisitor
2016-10-09 21:48:13,783 [Thread-23] INFO  o.e.m.c.i.embedder.EclipseLogger -                   NumberRendererConnector will be in the eager bundle
2016-10-09 21:48:13,783 [Thread-23] INFO  o.e.m.c.i.embedder.EclipseLogger -                Visiting ProgressBarRendererConnector with ConnectorInitVisitor
2016-10-09 21:48:13,783 [Thread-23] INFO  o.e.m.c.i.embedder.EclipseLogger -                   ProgressBarRendererConnector will be in the eager bundle
2016-10-09 21:48:13,783 [Thread-23] INFO  o.e.m.c.i.embedder.EclipseLogger -                Visiting TextRendererConnector with ConnectorInitVisitor
2016-10-09 21:48:13,783 [Thread-23] INFO  o.e.m.c.i.embedder.EclipseLogger -                   TextRendererConnector will be in the eager bundle
2016-10-09 21:48:13,785 [Thread-23] INFO  o.e.m.c.i.embedder.EclipseLogger -                Will serialize class com.vaadin.shared.ui.grid.ScrollDestination as an enum
2016-10-09 21:48:13,786 [Thread-23] INFO  o.e.m.c.i.embedder.EclipseLogger -                Will serialize class com.vaadin.shared.MouseEventDetails as a bean
2016-10-09 21:48:13,786 [Thread-23] INFO  o.e.m.c.i.embedder.EclipseLogger -                Will serialize class com.vaadin.shared.MouseEventDetails.MouseButton as an enum
2016-10-09 21:48:13,787 [Thread-23] INFO  o.e.m.c.i.embedder.EclipseLogger -                Will serialize class com.vaadin.shared.ui.grid.GridConstants.Section as an enum
2016-10-09 21:48:13,787 [Thread-23] INFO  o.e.m.c.i.embedder.EclipseLogger -                Will serialize class com.vaadin.shared.ui.table.TableConstants.Section as an enum
2016-10-09 21:48:13,788 [Thread-23] INFO  o.e.m.c.i.embedder.EclipseLogger -             Populating CalendarConnector bundle
2016-10-09 21:48:13,789 [Thread-23] INFO  o.e.m.c.i.embedder.EclipseLogger -                Visiting CalendarConnector with ConnectorInitVisitor
2016-10-09 21:48:13,789 [Thread-23] INFO  o.e.m.c.i.embedder.EclipseLogger -                   CalendarConnector will be in the CalendarConnector bundle
2016-10-09 21:48:13,789 [Thread-23] INFO  o.e.m.c.i.embedder.EclipseLogger -                Will serialize class com.vaadin.shared.ui.calendar.CalendarState as a bean
2016-10-09 21:48:13,789 [Thread-23] INFO  o.e.m.c.i.embedder.EclipseLogger -                Will serialize class com.vaadin.shared.ui.calendar.CalendarState.Action as a bean
2016-10-09 21:48:13,789 [Thread-23] INFO  o.e.m.c.i.embedder.EclipseLogger -                Will serialize class com.vaadin.shared.ui.calendar.CalendarState.Day as a bean
2016-10-09 21:48:13,789 [Thread-23] INFO  o.e.m.c.i.embedder.EclipseLogger -                Will serialize class com.vaadin.shared.ui.calendar.CalendarState.Event as a bean
2016-10-09 21:48:13,789 [Thread-23] INFO  o.e.m.c.i.embedder.EclipseLogger -             Populating ColorPickerConnector bundle
2016-10-09 21:48:13,789 [Thread-23] INFO  o.e.m.c.i.embedder.EclipseLogger -                Visiting ColorPickerConnector with ConnectorInitVisitor
2016-10-09 21:48:13,789 [Thread-23] INFO  o.e.m.c.i.embedder.EclipseLogger -                   ColorPickerConnector will be in the ColorPickerConnector bundle
2016-10-09 21:48:13,789 [Thread-23] INFO  o.e.m.c.i.embedder.EclipseLogger -                Will serialize class com.vaadin.shared.ui.colorpicker.ColorPickerState as a bean
2016-10-09 21:48:13,790 [Thread-23] INFO  o.e.m.c.i.embedder.EclipseLogger -             Populating ColorPickerAreaConnector bundle
2016-10-09 21:48:13,790 [Thread-23] INFO  o.e.m.c.i.embedder.EclipseLogger -                Visiting ColorPickerAreaConnector with ConnectorInitVisitor
2016-10-09 21:48:13,790 [Thread-23] INFO  o.e.m.c.i.embedder.EclipseLogger -                   ColorPickerAreaConnector will be in the ColorPickerAreaConnector bundle
2016-10-09 21:48:13,790 [Thread-23] INFO  o.e.m.c.i.embedder.EclipseLogger -                Will serialize class com.vaadin.shared.ui.colorpicker.ColorPickerState as a bean
2016-10-09 21:48:13,790 [Thread-23] INFO  o.e.m.c.i.embedder.EclipseLogger -             Populating RichTextAreaConnector bundle
2016-10-09 21:48:13,790 [Thread-23] INFO  o.e.m.c.i.embedder.EclipseLogger -                Visiting RichTextAreaConnector with ConnectorInitVisitor
2016-10-09 21:48:13,790 [Thread-23] INFO  o.e.m.c.i.embedder.EclipseLogger -                   RichTextAreaConnector will be in the RichTextAreaConnector bundle
2016-10-09 21:48:13,790 [Thread-23] INFO  o.e.m.c.i.embedder.EclipseLogger -                Will serialize class com.vaadin.shared.ui.textarea.RichTextAreaState as a bean
2016-10-09 21:48:13,790 [Thread-23] INFO  o.e.m.c.i.embedder.EclipseLogger -             Populating ColorPickerGradientConnector bundle
2016-10-09 21:48:13,790 [Thread-23] INFO  o.e.m.c.i.embedder.EclipseLogger -                Visiting ColorPickerGradientConnector with ConnectorInitVisitor
2016-10-09 21:48:13,790 [Thread-23] INFO  o.e.m.c.i.embedder.EclipseLogger -                   ColorPickerGradientConnector will be in the ColorPickerGradientConnector bundle
2016-10-09 21:48:13,790 [Thread-23] INFO  o.e.m.c.i.embedder.EclipseLogger -                Will serialize class com.vaadin.shared.ui.colorpicker.ColorPickerGradientState as a bean
2016-10-09 21:48:13,791 [Thread-23] INFO  o.e.m.c.i.embedder.EclipseLogger -             Populating ColorPickerGridConnector bundle
2016-10-09 21:48:13,791 [Thread-23] INFO  o.e.m.c.i.embedder.EclipseLogger -                Visiting ColorPickerGridConnector with ConnectorInitVisitor
2016-10-09 21:48:13,791 [Thread-23] INFO  o.e.m.c.i.embedder.EclipseLogger -                   ColorPickerGridConnector will be in the ColorPickerGridConnector bundle
2016-10-09 21:48:13,791 [Thread-23] INFO  o.e.m.c.i.embedder.EclipseLogger -                Will serialize class com.vaadin.shared.ui.colorpicker.ColorPickerGridState as a bean
2016-10-09 21:48:17,040 [Thread-23] INFO  o.e.m.c.i.embedder.EclipseLogger -    Adding '1' new generated units
2016-10-09 21:48:17,040 [Thread-23] INFO  o.e.m.c.i.embedder.EclipseLogger -       [WARN] Warnings in 'H:\Users\Parvati\Documents\WebApp2016\ScheduleMe\target\.generated\com\vaadin\client\metadata\ConnectorBundleLoaderImpl.java'
2016-10-09 21:48:17,040 [Thread-23] INFO  o.e.m.c.i.embedder.EclipseLogger -          [WARN] Line 4448: Referencing deprecated class 'com.vaadin.shared.ui.progressindicator.ProgressIndicatorState'
2016-10-09 21:48:17,040 [Thread-23] INFO  o.e.m.c.i.embedder.EclipseLogger -          [WARN] Line 4451: Referencing deprecated class 'com.vaadin.shared.ui.progressindicator.ProgressIndicatorState'
2016-10-09 21:48:17,040 [Thread-23] INFO  o.e.m.c.i.embedder.EclipseLogger -          [WARN] Line 4454: Referencing deprecated class 'com.vaadin.shared.ui.progressindicator.ProgressIndicatorState'
2016-10-09 21:48:17,053 [Thread-23] INFO  o.e.m.c.i.embedder.EclipseLogger -          See snapshot: H:\Users\Parvati\AppData\Local\Temp\com.vaadin.client.metadata.ConnectorBundleLoaderImpl6032246660009084741.java
2016-10-09 21:48:18,656 [Thread-23] INFO  o.e.m.c.i.embedder.EclipseLogger -    Computing all possible rebind results for 'com.vaadin.client.ui.dd.VAcceptCriterionFactory'
2016-10-09 21:48:18,656 [Thread-23] INFO  o.e.m.c.i.embedder.EclipseLogger -       Rebinding com.vaadin.client.ui.dd.VAcceptCriterionFactory
2016-10-09 21:48:18,656 [Thread-23] INFO  o.e.m.c.i.embedder.EclipseLogger -          Invoking generator com.vaadin.server.widgetsetutils.AcceptCriteriaFactoryGenerator
2016-10-09 21:48:18,656 [Thread-23] INFO  o.e.m.c.i.embedder.EclipseLogger -             Detecting available criteria ...
2016-10-09 21:48:18,656 [Thread-23] INFO  o.e.m.c.i.embedder.EclipseLogger -             creating mapping for com.vaadin.event.dd.acceptcriteria.AcceptAll
2016-10-09 21:48:18,656 [Thread-23] INFO  o.e.m.c.i.embedder.EclipseLogger -             creating mapping for com.vaadin.event.dd.acceptcriteria.And
2016-10-09 21:48:18,657 [Thread-23] INFO  o.e.m.c.i.embedder.EclipseLogger -             creating mapping for com.vaadin.event.dd.acceptcriteria.ContainsDataFlavor
2016-10-09 21:48:18,657 [Thread-23] INFO  o.e.m.c.i.embedder.EclipseLogger -             creating mapping for com.vaadin.event.dd.acceptcriteria.SourceIs
2016-10-09 21:48:18,658 [Thread-23] INFO  o.e.m.c.i.embedder.EclipseLogger -             creating mapping for com.vaadin.ui.AbstractSelect.TargetItemIs
2016-10-09 21:48:18,658 [Thread-23] INFO  o.e.m.c.i.embedder.EclipseLogger -             creating mapping for com.vaadin.ui.AbstractSelect.AcceptItem
2016-10-09 21:48:18,661 [Thread-23] INFO  o.e.m.c.i.embedder.EclipseLogger -             creating mapping for com.vaadin.ui.Table.TableDropCriterion
2016-10-09 21:48:18,661 [Thread-23] INFO  o.e.m.c.i.embedder.EclipseLogger -             creating mapping for com.vaadin.ui.Tree.TreeDropCriterion
2016-10-09 21:48:18,661 [Thread-23] INFO  o.e.m.c.i.embedder.EclipseLogger -             creating mapping for com.vaadin.event.dd.acceptcriteria.Not
2016-10-09 21:48:18,661 [Thread-23] INFO  o.e.m.c.i.embedder.EclipseLogger -             creating mapping for com.vaadin.event.dd.acceptcriteria.Or
2016-10-09 21:48:18,661 [Thread-23] INFO  o.e.m.c.i.embedder.EclipseLogger -             creating mapping for com.vaadin.event.dd.acceptcriteria.ServerSideCriterion
2016-10-09 21:48:18,661 [Thread-23] INFO  o.e.m.c.i.embedder.EclipseLogger -             creating mapping for com.vaadin.event.dd.acceptcriteria.SourceIsTarget
2016-10-09 21:48:18,661 [Thread-23] INFO  o.e.m.c.i.embedder.EclipseLogger -             creating mapping for com.vaadin.event.dd.acceptcriteria.TargetDetailIs
2016-10-09 21:48:18,661 [Thread-23] INFO  o.e.m.c.i.embedder.EclipseLogger -             creating mapping for com.vaadin.ui.Tree.TargetInSubtree
2016-10-09 21:48:18,662 [Thread-23] INFO  o.e.m.c.i.embedder.EclipseLogger -             Done. (0seconds)
2016-10-09 21:48:37,543 [Thread-23] INFO  o.e.m.c.i.embedder.EclipseLogger -    Compiling 1 permutation
2016-10-09 21:48:37,559 [Thread-23] INFO  o.e.m.c.i.embedder.EclipseLogger -       Compiling permutation 0...
2016-10-09 21:48:52,024 [Thread-23] INFO  o.e.m.c.i.embedder.EclipseLogger -    Compile of permutations succeeded
2016-10-09 21:48:52,024 [Thread-23] INFO  o.e.m.c.i.embedder.EclipseLogger -    Compilation succeeded -- 50,460s
2016-10-09 21:48:52,595 [Thread-23] INFO  o.e.m.c.i.embedder.EclipseLogger - Linking into H:\Users\Parvati\Documents\WebApp2016\ScheduleMe\target\classes\VAADIN\widgetsets\AppWidgetset
2016-10-09 21:48:52,595 [Thread-23] INFO  o.e.m.c.i.embedder.EclipseLogger -    Link succeeded
2016-10-09 21:48:52,595 [Thread-23] INFO  o.e.m.c.i.embedder.EclipseLogger -    Linking succeeded -- 0,571s
2016-10-09 21:48:52,787 [Worker-11] INFO  o.e.m.c.i.embedder.EclipseLogger - Using 'UTF-8' encoding to copy filtered resources.
2016-10-09 21:48:52,788 [Worker-11] INFO  o.e.m.c.i.embedder.EclipseLogger - skip non existing resourceDirectory H:\Users\Parvati\Documents\WebApp2016\ScheduleMe\src\test\resources
